<?xml version="1.0" encoding="UTF-8" ?>
<testsuite errors="1" failures="0" hostname="DESKTOP-R6HD2K2" name="dataaccessobject.CodirectorDAOTest" skipped="0" tests="1" time="0.341" timestamp="2023-04-20T05:13:17">
  <properties>
    <property name="libs.spring-framework300.classpath" value="C:\Program Files\NetBeans-17\netbeans\platform\modules\org-apache-commons-logging.jar;C:\Program Files\NetBeans-17\netbeans\java\modules\ext\cglib-2.2.jar;C:\Program Files\NetBeans-17\netbeans\java\modules\ext\spring-3.0\spring-aop-3.2.18.RELEASE.jar;C:\Program Files\NetBeans-17\netbeans\java\modules\ext\spring-3.0\spring-aspects-3.2.18.RELEASE.jar;C:\Program Files\NetBeans-17\netbeans\java\modules\ext\spring-3.0\spring-beans-3.2.18.RELEASE.jar;C:\Program Files\NetBeans-17\netbeans\java\modules\ext\spring-3.0\spring-context-3.2.18.RELEASE.jar;C:\Program Files\NetBeans-17\netbeans\java\modules\ext\spring-3.0\spring-context-support-3.2.18.RELEASE.jar;C:\Program Files\NetBeans-17\netbeans\java\modules\ext\spring-3.0\spring-core-3.2.18.RELEASE.jar;C:\Program Files\NetBeans-17\netbeans\java\modules\ext\spring-3.0\spring-expression-3.2.18.RELEASE.jar;C:\Program Files\NetBeans-17\netbeans\java\modules\ext\spring-3.0\spring-instrument-3.2.18.RELEASE.jar;C:\Program Files\NetBeans-17\netbeans\java\modules\ext\spring-3.0\spring-instrument-tomcat-3.2.18.RELEASE.jar;C:\Program Files\NetBeans-17\netbeans\java\modules\ext\spring-3.0\spring-jdbc-3.2.18.RELEASE.jar;C:\Program Files\NetBeans-17\netbeans\java\modules\ext\spring-3.0\spring-jms-3.2.18.RELEASE.jar;C:\Program Files\NetBeans-17\netbeans\java\modules\ext\spring-3.0\spring-orm-3.2.18.RELEASE.jar;C:\Program Files\NetBeans-17\netbeans\java\modules\ext\spring-3.0\spring-oxm-3.2.18.RELEASE.jar;C:\Program Files\NetBeans-17\netbeans\java\modules\ext\spring-3.0\spring-struts-3.2.18.RELEASE.jar;C:\Program Files\NetBeans-17\netbeans\java\modules\ext\spring-3.0\spring-test-3.2.18.RELEASE.jar;C:\Program Files\NetBeans-17\netbeans\java\modules\ext\spring-3.0\spring-tx-3.2.18.RELEASE.jar;C:\Program Files\NetBeans-17\netbeans\java\modules\ext\spring-3.0\spring-web-3.2.18.RELEASE.jar;C:\Program Files\NetBeans-17\netbeans\java\modules\ext\spring-3.0\spring-webmvc-3.2.18.RELEASE.jar;C:\Program Files\NetBeans-17\netbeans\java\modules\ext\spring-3.0\spring-webmvc-portlet-3.2.18.RELEASE.jar" />
    <property name="javac.test.classpath" value="A:\JavaFX\javafx-sdk-17.0.6\lib\javafx-swt.jar;A:\JavaFX\javafx-sdk-17.0.6\lib\javafx.base.jar;A:\JavaFX\javafx-sdk-17.0.6\lib\javafx.controls.jar;A:\JavaFX\javafx-sdk-17.0.6\lib\javafx.fxml.jar;A:\JavaFX\javafx-sdk-17.0.6\lib\javafx.graphics.jar;A:\JavaFX\javafx-sdk-17.0.6\lib\javafx.media.jar;A:\JavaFX\javafx-sdk-17.0.6\lib\javafx.swing.jar;A:\JavaFX\javafx-sdk-17.0.6\lib\javafx.web.jar:C:\Users\wero1\OneDrive\Documentos\JavaProy\driver\mysql-connector-java-8.0.30\mysql-connector-java-8.0.30.jar:build/classes:C:\Program Files\NetBeans-17\netbeans\platform\modules\ext\hamcrest-core-1.3.jar:C:\Program Files\NetBeans-17\netbeans\platform\modules\ext\junit-4.13.2.jar" />
    <property name="java.specification.version" value="17" />
    <property name="javafx.run.inbrowser.path" value="C:\Program Files\Internet Explorer\IEXPLORE.EXE" />
    <property name="libs.spring-framework500.classpath" value="C:\Program Files\NetBeans-17\netbeans\platform\modules\org-apache-commons-logging.jar;C:\Program Files\NetBeans-17\netbeans\java\modules\ext\cglib-2.2.jar;C:\Program Files\NetBeans-17\netbeans\java\modules\ext\spring-5\spring-aop-5.2.9.RELEASE.jar;C:\Program Files\NetBeans-17\netbeans\java\modules\ext\spring-5\spring-aspects-5.2.9.RELEASE.jar;C:\Program Files\NetBeans-17\netbeans\java\modules\ext\spring-5\spring-beans-5.2.9.RELEASE.jar;C:\Program Files\NetBeans-17\netbeans\java\modules\ext\spring-5\spring-context-5.2.9.RELEASE.jar;C:\Program Files\NetBeans-17\netbeans\java\modules\ext\spring-5\spring-context-indexer-5.2.9.RELEASE.jar;C:\Program Files\NetBeans-17\netbeans\java\modules\ext\spring-5\spring-context-support-5.2.9.RELEASE.jar;C:\Program Files\NetBeans-17\netbeans\java\modules\ext\spring-5\spring-core-5.2.9.RELEASE.jar;C:\Program Files\NetBeans-17\netbeans\java\modules\ext\spring-5\spring-expression-5.2.9.RELEASE.jar;C:\Program Files\NetBeans-17\netbeans\java\modules\ext\spring-5\spring-instrument-5.2.9.RELEASE.jar;C:\Program Files\NetBeans-17\netbeans\java\modules\ext\spring-5\spring-jcl-5.2.9.RELEASE.jar;C:\Program Files\NetBeans-17\netbeans\java\modules\ext\spring-5\spring-jdbc-5.2.9.RELEASE.jar;C:\Program Files\NetBeans-17\netbeans\java\modules\ext\spring-5\spring-jms-5.2.9.RELEASE.jar;C:\Program Files\NetBeans-17\netbeans\java\modules\ext\spring-5\spring-messaging-5.2.9.RELEASE.jar;C:\Program Files\NetBeans-17\netbeans\java\modules\ext\spring-5\spring-orm-5.2.9.RELEASE.jar;C:\Program Files\NetBeans-17\netbeans\java\modules\ext\spring-5\spring-oxm-5.2.9.RELEASE.jar;C:\Program Files\NetBeans-17\netbeans\java\modules\ext\spring-5\spring-test-5.2.9.RELEASE.jar;C:\Program Files\NetBeans-17\netbeans\java\modules\ext\spring-5\spring-tx-5.2.9.RELEASE.jar;C:\Program Files\NetBeans-17\netbeans\java\modules\ext\spring-5\spring-web-5.2.9.RELEASE.jar;C:\Program Files\NetBeans-17\netbeans\java\modules\ext\spring-5\spring-webflux-5.2.9.RELEASE.jar;C:\Program Files\NetBeans-17\netbeans\java\modules\ext\spring-5\spring-webmvc-5.2.9.RELEASE.jar;C:\Program Files\NetBeans-17\netbeans\java\modules\ext\spring-5\spring-websocket-5.2.9.RELEASE.jar" />
    <property name="jar.index.metainf" value="false" />
    <property name="libs.spring-webmvc4.0.javadoc" value="" />
    <property name="javafx.preloader.project.path" value="" />
    <property name="libs.spring-framework400.classpath" value="C:\Program Files\NetBeans-17\netbeans\platform\modules\org-apache-commons-logging.jar;C:\Program Files\NetBeans-17\netbeans\java\modules\ext\cglib-2.2.jar;C:\Program Files\NetBeans-17\netbeans\java\modules\ext\spring-4\spring-aop-4.3.29.RELEASE.jar;C:\Program Files\NetBeans-17\netbeans\java\modules\ext\spring-4\spring-aspects-4.3.29.RELEASE.jar;C:\Program Files\NetBeans-17\netbeans\java\modules\ext\spring-4\spring-beans-4.3.29.RELEASE.jar;C:\Program Files\NetBeans-17\netbeans\java\modules\ext\spring-4\spring-context-4.3.29.RELEASE.jar;C:\Program Files\NetBeans-17\netbeans\java\modules\ext\spring-4\spring-context-support-4.3.29.RELEASE.jar;C:\Program Files\NetBeans-17\netbeans\java\modules\ext\spring-4\spring-core-4.3.29.RELEASE.jar;C:\Program Files\NetBeans-17\netbeans\java\modules\ext\spring-4\spring-expression-4.3.29.RELEASE.jar;C:\Program Files\NetBeans-17\netbeans\java\modules\ext\spring-4\spring-instrument-4.3.29.RELEASE.jar;C:\Program Files\NetBeans-17\netbeans\java\modules\ext\spring-4\spring-instrument-tomcat-4.3.29.RELEASE.jar;C:\Program Files\NetBeans-17\netbeans\java\modules\ext\spring-4\spring-jdbc-4.3.29.RELEASE.jar;C:\Program Files\NetBeans-17\netbeans\java\modules\ext\spring-4\spring-jms-4.3.29.RELEASE.jar;C:\Program Files\NetBeans-17\netbeans\java\modules\ext\spring-4\spring-messaging-4.3.29.RELEASE.jar;C:\Program Files\NetBeans-17\netbeans\java\modules\ext\spring-4\spring-orm-4.3.29.RELEASE.jar;C:\Program Files\NetBeans-17\netbeans\java\modules\ext\spring-4\spring-oxm-4.3.29.RELEASE.jar;C:\Program Files\NetBeans-17\netbeans\java\modules\ext\spring-4\spring-test-4.3.29.RELEASE.jar;C:\Program Files\NetBeans-17\netbeans\java\modules\ext\spring-4\spring-tx-4.3.29.RELEASE.jar;C:\Program Files\NetBeans-17\netbeans\java\modules\ext\spring-4\spring-web-4.3.29.RELEASE.jar;C:\Program Files\NetBeans-17\netbeans\java\modules\ext\spring-4\spring-webmvc-4.3.29.RELEASE.jar;C:\Program Files\NetBeans-17\netbeans\java\modules\ext\spring-4\spring-webmvc-portlet-4.3.29.RELEASE.jar;C:\Program Files\NetBeans-17\netbeans\java\modules\ext\spring-4\spring-websocket-4.3.29.RELEASE.jar" />
    <property name="libs.JavaFX_17_.javadoc" value="" />
    <property name="test.binaryincludes" value="&lt;nothing&gt;" />
    <property name="ant.file.type.jfx-impl" value="file" />
    <property name="debug-transport" value="dt_shmem" />
    <property name="libs.javaee-web-api-8.0.src" value="" />
    <property name="javafx.run.inbrowser" value="&lt;Default System Browser&gt;" />
    <property name="java.vendor.url" value="http://www.azul.com/" />
    <property name="debug.modulepath" value="" />
    <property name="libs.jsp-compilation.src" value="" />
    <property name="libs.eclipselink.javadoc" value="C:\Program Files\NetBeans-17\netbeans\java\modules\ext\docs\jakarta.persistence-2.2.3-doc.zip" />
    <property name="libs.JWSAntTasks.javadoc" value="" />
    <property name="platform.home" value="A:\JavaFXZulu\zulu17.40.19-ca-fx-jdk17.0.6-win_x64" />
    <property name="sun.boot.library.path" value="A:\JavaFXZulu\zulu17.40.19-ca-fx-jdk17.0.6-win_x64\bin" />
    <property name="sun.java.command" value="org.apache.tools.ant.taskdefs.optional.junit.JUnitTestRunner dataaccessobject.CodirectorDAOTest methods=testCreateCodirectorSucces skipNonTests=false filtertrace=true haltOnError=false haltOnFailure=false showoutput=true outputtoformatters=true logfailedtests=true threadid=0 logtestlistenerevents=true formatter=org.apache.tools.ant.taskdefs.optional.junit.BriefJUnitResultFormatter formatter=org.apache.tools.ant.taskdefs.optional.junit.XMLJUnitResultFormatter,A:\Proyecto\ProyectHome\build\test\results\TEST-dataaccessobject.CodirectorDAOTest.xml crashfile=A:\Proyecto\ProyectHome\build\junitvmwatcher8175329941883079219.properties propsfile=A:\Proyecto\ProyectHome\build\junit3145415864832338858.properties" />
    <property name="javafx.enable.concurrent.external.runs" value="false" />
    <property name="jdk.debug" value="release" />
    <property name="libs.spring-framework300.src" value="" />
    <property name="javadoc.use" value="true" />
    <property name="javadoc.notree" value="false" />
    <property name="basedir" value="A:\Proyecto\ProyectHome" />
    <property name="application.vendor" value="wero1" />
    <property name="java.specification.name" value="Java Platform API Specification" />
    <property name="java.vm.specification.vendor" value="Oracle Corporation" />
    <property name="libs.JavaFX_17_.classpath" value="A:\JavaFX\javafx-sdk-17.0.6\lib\javafx-swt.jar;A:\JavaFX\javafx-sdk-17.0.6\lib\javafx.base.jar;A:\JavaFX\javafx-sdk-17.0.6\lib\javafx.controls.jar;A:\JavaFX\javafx-sdk-17.0.6\lib\javafx.fxml.jar;A:\JavaFX\javafx-sdk-17.0.6\lib\javafx.graphics.jar;A:\JavaFX\javafx-sdk-17.0.6\lib\javafx.media.jar;A:\JavaFX\javafx-sdk-17.0.6\lib\javafx.swing.jar;A:\JavaFX\javafx-sdk-17.0.6\lib\javafx.web.jar" />
    <property name="libs.jsf20.classpath" value="C:\Program Files\NetBeans-17\netbeans\enterprise\modules\ext\jsf-2_2\javax.faces.jar" />
    <property name="libs.JavaFX_17_.src" value="" />
    <property name="netbeans.extbrowser.manual_chrome_plugin_install" value="yes" />
    <property name="libs.jakartaee-api-10.0.maven-pom" value="" />
    <property name="netbeans.default_userdir_root" value="C:\Users\wero1\AppData\Roaming\NetBeans" />
    <property name="libs.spring-framework500.javadoc" value="" />
    <property name="libs.jsp-compilation-syscp.src" value="" />
    <property name="jdk.home" value="C:\Program Files\Java\jdk-17.0.2" />
    <property name="java.runtime.version" value="17.0.6+10-LTS" />
    <property name="libs.eclipselink.maven-pom" value="" />
    <property name="libs.metro.maven-pom" value="" />
    <property name="libs.JAXB-ENDORSED.javadoc" value="" />
    <property name="sun.java2d.noddraw" value="true" />
    <property name="platform.bootcp" value="A:\JavaFXZulu\zulu17.40.19-ca-fx-jdk17.0.6-win_x64\!/modules/com.azul.crs.client/;A:\JavaFXZulu\zulu17.40.19-ca-fx-jdk17.0.6-win_x64\!/modules/com.azul.tooling/;A:\JavaFXZulu\zulu17.40.19-ca-fx-jdk17.0.6-win_x64\!/modules/java.base/;A:\JavaFXZulu\zulu17.40.19-ca-fx-jdk17.0.6-win_x64\!/modules/java.compiler/;A:\JavaFXZulu\zulu17.40.19-ca-fx-jdk17.0.6-win_x64\!/modules/java.datatransfer/;A:\JavaFXZulu\zulu17.40.19-ca-fx-jdk17.0.6-win_x64\!/modules/java.desktop/;A:\JavaFXZulu\zulu17.40.19-ca-fx-jdk17.0.6-win_x64\!/modules/java.instrument/;A:\JavaFXZulu\zulu17.40.19-ca-fx-jdk17.0.6-win_x64\!/modules/java.logging/;A:\JavaFXZulu\zulu17.40.19-ca-fx-jdk17.0.6-win_x64\!/modules/java.management/;A:\JavaFXZulu\zulu17.40.19-ca-fx-jdk17.0.6-win_x64\!/modules/java.management.rmi/;A:\JavaFXZulu\zulu17.40.19-ca-fx-jdk17.0.6-win_x64\!/modules/java.naming/;A:\JavaFXZulu\zulu17.40.19-ca-fx-jdk17.0.6-win_x64\!/modules/java.net.http/;A:\JavaFXZulu\zulu17.40.19-ca-fx-jdk17.0.6-win_x64\!/modules/java.prefs/;A:\JavaFXZulu\zulu17.40.19-ca-fx-jdk17.0.6-win_x64\!/modules/java.rmi/;A:\JavaFXZulu\zulu17.40.19-ca-fx-jdk17.0.6-win_x64\!/modules/java.scripting/;A:\JavaFXZulu\zulu17.40.19-ca-fx-jdk17.0.6-win_x64\!/modules/java.se/;A:\JavaFXZulu\zulu17.40.19-ca-fx-jdk17.0.6-win_x64\!/modules/java.security.jgss/;A:\JavaFXZulu\zulu17.40.19-ca-fx-jdk17.0.6-win_x64\!/modules/java.security.sasl/;A:\JavaFXZulu\zulu17.40.19-ca-fx-jdk17.0.6-win_x64\!/modules/java.smartcardio/;A:\JavaFXZulu\zulu17.40.19-ca-fx-jdk17.0.6-win_x64\!/modules/java.sql/;A:\JavaFXZulu\zulu17.40.19-ca-fx-jdk17.0.6-win_x64\!/modules/java.sql.rowset/;A:\JavaFXZulu\zulu17.40.19-ca-fx-jdk17.0.6-win_x64\!/modules/java.transaction.xa/;A:\JavaFXZulu\zulu17.40.19-ca-fx-jdk17.0.6-win_x64\!/modules/java.xml/;A:\JavaFXZulu\zulu17.40.19-ca-fx-jdk17.0.6-win_x64\!/modules/java.xml.crypto/;A:\JavaFXZulu\zulu17.40.19-ca-fx-jdk17.0.6-win_x64\!/modules/javafx.base/;A:\JavaFXZulu\zulu17.40.19-ca-fx-jdk17.0.6-win_x64\!/modules/javafx.controls/;A:\JavaFXZulu\zulu17.40.19-ca-fx-jdk17.0.6-win_x64\!/modules/javafx.fxml/;A:\JavaFXZulu\zulu17.40.19-ca-fx-jdk17.0.6-win_x64\!/modules/javafx.graphics/;A:\JavaFXZulu\zulu17.40.19-ca-fx-jdk17.0.6-win_x64\!/modules/javafx.media/;A:\JavaFXZulu\zulu17.40.19-ca-fx-jdk17.0.6-win_x64\!/modules/javafx.swing/;A:\JavaFXZulu\zulu17.40.19-ca-fx-jdk17.0.6-win_x64\!/modules/javafx.web/;A:\JavaFXZulu\zulu17.40.19-ca-fx-jdk17.0.6-win_x64\!/modules/jdk.accessibility/;A:\JavaFXZulu\zulu17.40.19-ca-fx-jdk17.0.6-win_x64\!/modules/jdk.attach/;A:\JavaFXZulu\zulu17.40.19-ca-fx-jdk17.0.6-win_x64\!/modules/jdk.charsets/;A:\JavaFXZulu\zulu17.40.19-ca-fx-jdk17.0.6-win_x64\!/modules/jdk.compiler/;A:\JavaFXZulu\zulu17.40.19-ca-fx-jdk17.0.6-win_x64\!/modules/jdk.crypto.cryptoki/;A:\JavaFXZulu\zulu17.40.19-ca-fx-jdk17.0.6-win_x64\!/modules/jdk.crypto.ec/;A:\JavaFXZulu\zulu17.40.19-ca-fx-jdk17.0.6-win_x64\!/modules/jdk.crypto.mscapi/;A:\JavaFXZulu\zulu17.40.19-ca-fx-jdk17.0.6-win_x64\!/modules/jdk.dynalink/;A:\JavaFXZulu\zulu17.40.19-ca-fx-jdk17.0.6-win_x64\!/modules/jdk.editpad/;A:\JavaFXZulu\zulu17.40.19-ca-fx-jdk17.0.6-win_x64\!/modules/jdk.hotspot.agent/;A:\JavaFXZulu\zulu17.40.19-ca-fx-jdk17.0.6-win_x64\!/modules/jdk.httpserver/;A:\JavaFXZulu\zulu17.40.19-ca-fx-jdk17.0.6-win_x64\!/modules/jdk.incubator.foreign/;A:\JavaFXZulu\zulu17.40.19-ca-fx-jdk17.0.6-win_x64\!/modules/jdk.incubator.vector/;A:\JavaFXZulu\zulu17.40.19-ca-fx-jdk17.0.6-win_x64\!/modules/jdk.internal.ed/;A:\JavaFXZulu\zulu17.40.19-ca-fx-jdk17.0.6-win_x64\!/modules/jdk.internal.jvmstat/;A:\JavaFXZulu\zulu17.40.19-ca-fx-jdk17.0.6-win_x64\!/modules/jdk.internal.le/;A:\JavaFXZulu\zulu17.40.19-ca-fx-jdk17.0.6-win_x64\!/modules/jdk.internal.opt/;A:\JavaFXZulu\zulu17.40.19-ca-fx-jdk17.0.6-win_x64\!/modules/jdk.internal.vm.ci/;A:\JavaFXZulu\zulu17.40.19-ca-fx-jdk17.0.6-win_x64\!/modules/jdk.internal.vm.compiler/;A:\JavaFXZulu\zulu17.40.19-ca-fx-jdk17.0.6-win_x64\!/modules/jdk.internal.vm.compiler.management/;A:\JavaFXZulu\zulu17.40.19-ca-fx-jdk17.0.6-win_x64\!/modules/jdk.jartool/;A:\JavaFXZulu\zulu17.40.19-ca-fx-jdk17.0.6-win_x64\!/modules/jdk.javadoc/;A:\JavaFXZulu\zulu17.40.19-ca-fx-jdk17.0.6-win_x64\!/modules/jdk.jcmd/;A:\JavaFXZulu\zulu17.40.19-ca-fx-jdk17.0.6-win_x64\!/modules/jdk.jconsole/;A:\JavaFXZulu\zulu17.40.19-ca-fx-jdk17.0.6-win_x64\!/modules/jdk.jdeps/;A:\JavaFXZulu\zulu17.40.19-ca-fx-jdk17.0.6-win_x64\!/modules/jdk.jdi/;A:\JavaFXZulu\zulu17.40.19-ca-fx-jdk17.0.6-win_x64\!/modules/jdk.jdwp.agent/;A:\JavaFXZulu\zulu17.40.19-ca-fx-jdk17.0.6-win_x64\!/modules/jdk.jfr/;A:\JavaFXZulu\zulu17.40.19-ca-fx-jdk17.0.6-win_x64\!/modules/jdk.jlink/;A:\JavaFXZulu\zulu17.40.19-ca-fx-jdk17.0.6-win_x64\!/modules/jdk.jpackage/;A:\JavaFXZulu\zulu17.40.19-ca-fx-jdk17.0.6-win_x64\!/modules/jdk.jshell/;A:\JavaFXZulu\zulu17.40.19-ca-fx-jdk17.0.6-win_x64\!/modules/jdk.jsobject/;A:\JavaFXZulu\zulu17.40.19-ca-fx-jdk17.0.6-win_x64\!/modules/jdk.jstatd/;A:\JavaFXZulu\zulu17.40.19-ca-fx-jdk17.0.6-win_x64\!/modules/jdk.localedata/;A:\JavaFXZulu\zulu17.40.19-ca-fx-jdk17.0.6-win_x64\!/modules/jdk.management/;A:\JavaFXZulu\zulu17.40.19-ca-fx-jdk17.0.6-win_x64\!/modules/jdk.management.agent/;A:\JavaFXZulu\zulu17.40.19-ca-fx-jdk17.0.6-win_x64\!/modules/jdk.management.jfr/;A:\JavaFXZulu\zulu17.40.19-ca-fx-jdk17.0.6-win_x64\!/modules/jdk.naming.dns/;A:\JavaFXZulu\zulu17.40.19-ca-fx-jdk17.0.6-win_x64\!/modules/jdk.naming.rmi/;A:\JavaFXZulu\zulu17.40.19-ca-fx-jdk17.0.6-win_x64\!/modules/jdk.net/;A:\JavaFXZulu\zulu17.40.19-ca-fx-jdk17.0.6-win_x64\!/modules/jdk.nio.mapmode/;A:\JavaFXZulu\zulu17.40.19-ca-fx-jdk17.0.6-win_x64\!/modules/jdk.random/;A:\JavaFXZulu\zulu17.40.19-ca-fx-jdk17.0.6-win_x64\!/modules/jdk.sctp/;A:\JavaFXZulu\zulu17.40.19-ca-fx-jdk17.0.6-win_x64\!/modules/jdk.security.auth/;A:\JavaFXZulu\zulu17.40.19-ca-fx-jdk17.0.6-win_x64\!/modules/jdk.security.jgss/;A:\JavaFXZulu\zulu17.40.19-ca-fx-jdk17.0.6-win_x64\!/modules/jdk.unsupported/;A:\JavaFXZulu\zulu17.40.19-ca-fx-jdk17.0.6-win_x64\!/modules/jdk.unsupported.desktop/;A:\JavaFXZulu\zulu17.40.19-ca-fx-jdk17.0.6-win_x64\!/modules/jdk.xml.dom/;A:\JavaFXZulu\zulu17.40.19-ca-fx-jdk17.0.6-win_x64\!/modules/jdk.zipfs/" />
    <property name="sun.zip.disableMemoryMapping" value="true" />
    <property name="guice.disable.misplaced.annotation.check" value="true" />
    <property name="libs.primefaces.javadoc" value="" />
    <property name="libs.jsf12.src" value="" />
    <property name="libs.jsp-compilation.javadoc" value="" />
    <property name="libs.groovy-all.maven-pom" value="" />
    <property name="libs.restapi.src" value="" />
    <property name="java.vendor.version" value="Zulu17.40+19-CA" />
    <property name="libs.junit_5.javadoc" value="C:\Program Files\NetBeans-17\netbeans\platform\docs\junit-jupiter-api-5.6.0-javadoc.jar;C:\Program Files\NetBeans-17\netbeans\platform\docs\junit-jupiter-params-5.6.0-javadoc.jar;C:\Program Files\NetBeans-17\netbeans\platform\docs\junit-jupiter-engine-5.6.0-javadoc.jar" />
    <property name="libs.Driver.src" value="" />
    <property name="jnlp.enabled" value="false" />
    <property name="java.io.tmpdir" value="C:\Users\wero1\AppData\Local\Temp\" />
    <property name="java.version" value="17.0.6" />
    <property name="libs.jakartaee-api-8.0.javadoc" value="C:\Program Files\NetBeans-17\netbeans\enterprise\docs\jakartaee8-doc-api.jar" />
    <property name="java.vm.specification.name" value="Java Virtual Machine Specification" />
    <property name="ant.file.jfx-impl" value="A:\Proyecto\ProyectHome\nbproject\jfx-impl.xml" />
    <property name="native.encoding" value="Cp1252" />
    <property name="java.library.path" value="A:\JavaFXZulu\zulu17.40.19-ca-fx-jdk17.0.6-win_x64\bin;C:\Windows\Sun\Java\bin;C:\Windows\system32;C:\Windows;C:\Program Files\Common Files\Oracle\Java\javapath;C:\Program Files (x86)\Common Files\Oracle\Java\javapath;C:\ProgramData\Oracle\Java\javapath;C:\Windows\system32;C:\Windows;C:\Windows\System32\Wbem;C:\Windows\System32\WindowsPowerShell\v1.0\;C:\Windows\System32\OpenSSH\;C:\Program Files\dotnet\;C:\Program Files\Microsoft SQL Server\Client SDK\ODBC\170\Tools\Binn\;C:\Program Files (x86)\Microsoft SQL Server\150\Tools\Binn\;C:\Program Files\Microsoft SQL Server\150\Tools\Binn\;C:\Program Files\Microsoft SQL Server\150\DTS\Binn\;C:\Program Files (x86)\Microsoft SQL Server\150\DTS\Binn\;C:\Program Files\Azure Data Studio\bin;C:\Program Files\NVIDIA Corporation\NVIDIA NvDLISR;C:\Program Files (x86)\NVIDIA Corporation\PhysX\Common;A:\Git\cmd;C:\Program Files\MySQL\MySQL Shell 8.0\bin\;C:\Users\wero1\AppData\Local\Programs\Python\Python39\Scripts\;C:\Users\wero1\AppData\Local\Programs\Python\Python39\;C:\Users\wero1\AppData\Local\Microsoft\WindowsApps;C:\cardone\VSC\Microsoft VS Code\bin;C:\Program Files\JetBrains\PyCharm Community Edition 2020.3\bin;C:\Users\wero1\AppData\Local\Programs\Python\Python38\Scripts;C:\Users\wero1\AppData\Local\atom\bin;C:\Program Files\Azure Data Studio\bin;C:\Users\wero1\AppData\Local\GitHubDesktop\bin;." />
    <property name="libs.hamcrest.src" value="" />
    <property name="java.vendor" value="Azul Systems, Inc." />
    <property name="libs.groovy-all.src" value="" />
    <property name="libs.testng.javadoc" value="C:\Program Files\NetBeans-17\netbeans\platform\docs\testng-6.13.1-javadoc.jar" />
    <property name="meta.inf.dir" value="src/META-INF" />
    <property name="run.upgrademodulepath" value="" />
    <property name="compile.on.save" value="true" />
    <property name="libs.testng.maven-pom" value="" />
    <property name="org.openide.version" value="deprecated" />
    <property name="run.classpath" value="dist/ProyectHome.jar:A:\JavaFX\javafx-sdk-17.0.6\lib\javafx-swt.jar;A:\JavaFX\javafx-sdk-17.0.6\lib\javafx.base.jar;A:\JavaFX\javafx-sdk-17.0.6\lib\javafx.controls.jar;A:\JavaFX\javafx-sdk-17.0.6\lib\javafx.fxml.jar;A:\JavaFX\javafx-sdk-17.0.6\lib\javafx.graphics.jar;A:\JavaFX\javafx-sdk-17.0.6\lib\javafx.media.jar;A:\JavaFX\javafx-sdk-17.0.6\lib\javafx.swing.jar;A:\JavaFX\javafx-sdk-17.0.6\lib\javafx.web.jar:C:\Users\wero1\OneDrive\Documentos\JavaProy\driver\mysql-connector-java-8.0.30\mysql-connector-java-8.0.30.jar:build/classes" />
    <property name="libs.jaxb.src" value="" />
    <property name="sun.awt.enableExtraMouseButtons" value="true" />
    <property name="test.src.dir" value="test" />
    <property name="org.openide.major.version" value="IDE/1" />
    <property name="libs.spring-framework300.javadoc" value="" />
    <property name="ap.proc.none.internal" value="" />
    <property name="org.openide.specification.version" value="6.2" />
    <property name="user.timezone" value="America/Mexico_City" />
    <property name="jar.index" value="false" />
    <property name="libs.jpa20-persistence.classpath" value="C:\Program Files\NetBeans-17\netbeans\java\modules\ext\eclipselink\jakarta.persistence-2.2.3.jar" />
    <property name="java.vm.specification.version" value="17" />
    <property name="libs.junit_5.classpath" value="C:\Program Files\NetBeans-17\netbeans\platform\modules\ext\junit-jupiter-api-5.6.0.jar;C:\Program Files\NetBeans-17\netbeans\platform\modules\ext\junit-jupiter-params-5.6.0.jar;C:\Program Files\NetBeans-17\netbeans\platform\modules\ext\junit-jupiter-engine-5.6.0.jar" />
    <property name="libs.eclipselinkmodelgen.javadoc" value="" />
    <property name="javadoc.noindex" value="false" />
    <property name="javadoc.private" value="false" />
    <property name="javafx.preloader.enabled" value="false" />
    <property name="libs.spring-webmvc4.0.maven-pom" value="" />
    <property name="libs.JAXB-ENDORSED.maven-pom" value="" />
    <property name="user.home" value="C:\Users\wero1" />
    <property name="libs.eclipselinkmodelgen.maven-pom" value="" />
    <property name="have.sources" value="true" />
    <property name="annotation.processing.processors.list" value="" />
    <property name="javac.deprecation" value="false" />
    <property name="javafx.preloader.jar.filename" value="" />
    <property name="platform.javac" value="A:\JavaFXZulu\zulu17.40.19-ca-fx-jdk17.0.6-win_x64/bin/javac" />
    <property name="build.generated.sources.dir" value="build/generated-sources" />
    <property name="plugin.manager.check.updates" value="false" />
    <property name="netbeans.autoupdate.language" value="en" />
    <property name="build.compiler.emacs" value="true" />
    <property name="libs.eclipselinkmodelgen.src" value="" />
    <property name="build.classes.excludes" value="**/*.java,**/*.form" />
    <property name="dist.jar" value="dist/ProyectHome.jar" />
    <property name="libs.jakartaee-web-api-9.0.classpath" value="C:\Program Files\NetBeans-17\netbeans\enterprise\modules\ext\jakarta.jakartaee-web-api-9.0.0.jar" />
    <property name="libs.spring-webmvc4.0.classpath" value="C:\Program Files\NetBeans-17\netbeans\java\modules\ext\spring-4\spring-webmvc-4.3.29.RELEASE.jar" />
    <property name="modules.supported.internal" value="true" />
    <property name="libs.javaee-endorsed-api-7.0.javadoc" value="C:\Program Files\NetBeans-17\netbeans\enterprise\docs\javaee-doc-api.jar" />
    <property name="jna.nosys" value="false" />
    <property name="os.version" value="10.0" />
    <property name="netbeans.home" value="C:\Program Files\NetBeans-17\netbeans\platform" />
    <property name="libs.CopyLibs.javadoc" value="" />
    <property name="debug-transport-by-os" value="dt_shmem" />
    <property name="libs.jsf20.src" value="" />
    <property name="libs.javaee-api-8.0.javadoc" value="C:\Program Files\NetBeans-17\netbeans\enterprise\docs\javaee-doc-api.jar" />
    <property name="java.vm.name" value="OpenJDK 64-Bit Server VM" />
    <property name="unnamed.module.internal" value="true" />
    <property name="libs.jakartaee-api-10.0.javadoc" value="C:\Program Files\NetBeans-17\netbeans\enterprise\docs\jakartaee10-doc-api.jar" />
    <property name="libs.jstl.javadoc" value="C:\Program Files\NetBeans-17\netbeans\enterprise\docs\javaee-doc-api.jar" />
    <property name="libs.javaee-endorsed-api-7.0.maven-pom" value="" />
    <property name="libs.jaxws21.classpath" value="C:\Program Files\NetBeans-17\netbeans\java\modules\ext\jaxws22\api\jakarta.jws-api.jar;C:\Program Files\NetBeans-17\netbeans\java\modules\ext\jaxws22\api\jakarta.xml.soap-api.jar;C:\Program Files\NetBeans-17\netbeans\java\modules\ext\jaxws22\api\jakarta.xml.ws-api.jar;C:\Program Files\NetBeans-17\netbeans\java\modules\ext\jaxws22\FastInfoset.jar;C:\Program Files\NetBeans-17\netbeans\java\modules\ext\jaxws22\gmbal-api-only.jar;C:\Program Files\NetBeans-17\netbeans\java\modules\ext\jaxws22\ha-api.jar;C:\Program Files\NetBeans-17\netbeans\java\modules\ext\jaxws22\jakarta.mail.jar;C:\Program Files\NetBeans-17\netbeans\java\modules\ext\jaxws22\jaxws-rt.jar;C:\Program Files\NetBeans-17\netbeans\java\modules\ext\jaxws22\jaxws-tools.jar;C:\Program Files\NetBeans-17\netbeans\java\modules\ext\jaxws22\management-api.jar;C:\Program Files\NetBeans-17\netbeans\java\modules\ext\jaxws22\mimepull.jar;C:\Program Files\NetBeans-17\netbeans\java\modules\ext\jaxws22\policy.jar;C:\Program Files\NetBeans-17\netbeans\java\modules\ext\jaxws22\saaj-impl.jar;C:\Program Files\NetBeans-17\netbeans\java\modules\ext\jaxws22\stax-ex.jar;C:\Program Files\NetBeans-17\netbeans\java\modules\ext\jaxws22\stax2-api.jar;C:\Program Files\NetBeans-17\netbeans\java\modules\ext\jaxws22\streambuffer.jar;C:\Program Files\NetBeans-17\netbeans\java\modules\ext\jaxws22\woodstox-core.jar;C:\Program Files\NetBeans-17\netbeans\ide\modules\ext\jaxb\api\jaxb-api.jar;C:\Program Files\NetBeans-17\netbeans\ide\modules\ext\jaxb\activation.jar;C:\Program Files\NetBeans-17\netbeans\ide\modules\ext\jaxb\jaxb-impl.jar;C:\Program Files\NetBeans-17\netbeans\ide\modules\ext\jaxb\jaxb-xjc.jar" />
    <property name="libs.restapi.classpath" value="C:\Program Files\NetBeans-17\netbeans\enterprise\modules\ext\jaxrs-2.1\jakarta.ws.rs-api-2.1.6.jar" />
    <property name="os.arch" value="amd64" />
    <property name="build.generated.dir" value="build/generated" />
    <property name="libs.groovy-all.javadoc" value="" />
    <property name="javafx.deploy.embedJNLP" value="true" />
    <property name="libs.jakartaee-api-8.0.classpath" value="C:\Program Files\NetBeans-17\netbeans\enterprise\modules\ext\jakarta.jakartaee-api-8.0.0.jar" />
    <property name="javafx.deploy.includeDT" value="true" />
    <property name="libs.javaee-web-api-7.0.javadoc" value="C:\Program Files\NetBeans-17\netbeans\enterprise\docs\javaee-doc-api.jar" />
    <property name="libs.javaee-endorsed-api-6.0.src" value="" />
    <property name="libs.jsf12.maven-pom" value="" />
    <property name="libs.javaee-endorsed-api-7.0.classpath" value="C:\Program Files\NetBeans-17\netbeans\enterprise\modules\ext\javaee7-endorsed\javax.annotation-api.jar;C:\Program Files\NetBeans-17\netbeans\enterprise\modules\ext\javaee7-endorsed\javax.xml.soap-api.jar;C:\Program Files\NetBeans-17\netbeans\enterprise\modules\ext\javaee7-endorsed\jaxb-api-osgi.jar;C:\Program Files\NetBeans-17\netbeans\enterprise\modules\ext\javaee7-endorsed\jaxws-api.jar;C:\Program Files\NetBeans-17\netbeans\enterprise\modules\ext\javaee7-endorsed\jsr181-api.jar" />
    <property name="libs.primefaces.maven-pom" value="" />
    <property name="org.netbeans.io.suspend" value="0" />
    <property name="ant.project.name" value="ProyectHome" />
    <property name="dist.javadoc.dir" value="dist/javadoc" />
    <property name="default.javac.target" value="17" />
    <property name="libs.eclipselink.classpath" value="C:\Program Files\NetBeans-17\netbeans\java\modules\ext\eclipselink\org.eclipse.persistence.core-2.7.10.jar;C:\Program Files\NetBeans-17\netbeans\java\modules\ext\eclipselink\org.eclipse.persistence.asm-9.2.0.jar;C:\Program Files\NetBeans-17\netbeans\java\modules\ext\eclipselink\org.eclipse.persistence.antlr-2.7.10.jar;C:\Program Files\NetBeans-17\netbeans\java\modules\ext\eclipselink\org.eclipse.persistence.jpa-2.7.10.jar;C:\Program Files\NetBeans-17\netbeans\java\modules\ext\eclipselink\org.eclipse.persistence.jpa.jpql-2.7.10.jar;C:\Program Files\NetBeans-17\netbeans\java\modules\ext\eclipselink\org.eclipse.persistence.moxy-2.7.10.jar;C:\Program Files\NetBeans-17\netbeans\java\modules\ext\eclipselink\jakarta.persistence-2.2.3.jar" />
    <property name="libs.struts.classpath" value="C:\Program Files\NetBeans-17\netbeans\enterprise\modules\ext\struts\antlr-2.7.2.jar;C:\Program Files\NetBeans-17\netbeans\enterprise\modules\ext\struts\bsf-2.3.0.jar;C:\Program Files\NetBeans-17\netbeans\enterprise\modules\ext\struts\commons-beanutils-1.8.0.jar;C:\Program Files\NetBeans-17\netbeans\enterprise\modules\ext\struts\commons-chain-1.2.jar;C:\Program Files\NetBeans-17\netbeans\enterprise\modules\ext\struts\commons-digester-1.8.jar;C:\Program Files\NetBeans-17\netbeans\enterprise\modules\ext\struts\commons-fileupload-1.1.1.jar;C:\Program Files\NetBeans-17\netbeans\enterprise\modules\ext\struts\commons-io-1.1.jar;C:\Program Files\NetBeans-17\netbeans\enterprise\modules\ext\struts\commons-logging-1.0.4.jar;C:\Program Files\NetBeans-17\netbeans\enterprise\modules\ext\struts\commons-validator-1.3.1.jar;C:\Program Files\NetBeans-17\netbeans\enterprise\modules\ext\struts\jstl-1.0.2.jar;C:\Program Files\NetBeans-17\netbeans\enterprise\modules\ext\struts\oro-2.0.8.jar;C:\Program Files\NetBeans-17\netbeans\enterprise\modules\ext\struts\standard-1.0.6.jar;C:\Program Files\NetBeans-17\netbeans\enterprise\modules\ext\struts\struts-core-1.3.10.jar;C:\Program Files\NetBeans-17\netbeans\enterprise\modules\ext\struts\struts-el-1.3.10.jar;C:\Program Files\NetBeans-17\netbeans\enterprise\modules\ext\struts\struts-extras-1.3.10.jar;C:\Program Files\NetBeans-17\netbeans\enterprise\modules\ext\struts\struts-faces-1.3.10.jar;C:\Program Files\NetBeans-17\netbeans\enterprise\modules\ext\struts\struts-mailreader-dao-1.3.10.jar;C:\Program Files\NetBeans-17\netbeans\enterprise\modules\ext\struts\struts-scripting-1.3.10.jar;C:\Program Files\NetBeans-17\netbeans\enterprise\modules\ext\struts\struts-taglib-1.3.10.jar;C:\Program Files\NetBeans-17\netbeans\enterprise\modules\ext\struts\struts-tiles-1.3.10.jar" />
    <property name="libs.PostgreSQLDriver.maven-pom" value="" />
    <property name="libs.absolutelayout.src" value="" />
    <property name="testng.mode" value="testng" />
    <property name="annotation.processing.enabled.in.editor" value="false" />
    <property name="java.vm.compressedOopsMode" value="Zero based" />
    <property name="netbeans.productversion" value="Apache NetBeans IDE 17" />
    <property name="libs.Driver.javadoc" value="" />
    <property name="libs.javaee-web-api-6.0.javadoc" value="C:\Program Files\NetBeans-17\netbeans\enterprise\docs\javaee-doc-api.jar" />
    <property name="libs.Driver.classpath" value="C:\Users\wero1\OneDrive\Documentos\JavaProy\driver\mysql-connector-java-8.0.30\mysql-connector-java-8.0.30.jar" />
    <property name="libs.javaee-api-7.0.maven-pom" value="" />
    <property name="libs.groovy-all.classpath" value="C:\Program Files\NetBeans-17\netbeans\groovy\modules\ext\groovy-3.0.8.jar;C:\Program Files\NetBeans-17\netbeans\groovy\modules\ext\groovy-ant-3.0.8.jar" />
    <property name="libs.absolutelayout.javadoc" value="" />
    <property name="module.build.classes.dir" value="build/classes" />
    <property name="libs.jaxb.maven-pom" value="" />
    <property name="annotation.processing.processor.options" value="" />
    <property name="libs.javaee-api-6.0.maven-pom" value="" />
    <property name="dist.dir" value="dist" />
    <property name="build.dir" value="build" />
    <property name="libs.graaljs.maven-pom" value="" />
    <property name="netbeans.autoupdate.variant" value="" />
    <property name="javadoc.version" value="false" />
    <property name="libs.metro.src" value="" />
    <property name="libs.metro.classpath" value="C:\Program Files\NetBeans-17\netbeans\ide\modules\ext\jaxb\activation.jar;C:\Program Files\NetBeans-17\netbeans\enterprise\modules\ext\metro\webservices-api.jar;C:\Program Files\NetBeans-17\netbeans\enterprise\modules\ext\metro\webservices-extra-api.jar;C:\Program Files\NetBeans-17\netbeans\enterprise\modules\ext\metro\webservices-extra.jar;C:\Program Files\NetBeans-17\netbeans\enterprise\modules\ext\metro\webservices-rt.jar;C:\Program Files\NetBeans-17\netbeans\enterprise\modules\ext\metro\webservices-tools.jar" />
    <property name="libs.CopyLibs.classpath" value="C:\Program Files\NetBeans-17\netbeans\java\ant\extra\org-netbeans-modules-java-j2seproject-copylibstask.jar" />
    <property name="sun.os.patch.level" value="" />
    <property name="javac.test.processorpath" value="A:\JavaFX\javafx-sdk-17.0.6\lib\javafx-swt.jar;A:\JavaFX\javafx-sdk-17.0.6\lib\javafx.base.jar;A:\JavaFX\javafx-sdk-17.0.6\lib\javafx.controls.jar;A:\JavaFX\javafx-sdk-17.0.6\lib\javafx.fxml.jar;A:\JavaFX\javafx-sdk-17.0.6\lib\javafx.graphics.jar;A:\JavaFX\javafx-sdk-17.0.6\lib\javafx.media.jar;A:\JavaFX\javafx-sdk-17.0.6\lib\javafx.swing.jar;A:\JavaFX\javafx-sdk-17.0.6\lib\javafx.web.jar:C:\Users\wero1\OneDrive\Documentos\JavaProy\driver\mysql-connector-java-8.0.30\mysql-connector-java-8.0.30.jar:build/classes:C:\Program Files\NetBeans-17\netbeans\platform\modules\ext\hamcrest-core-1.3.jar:C:\Program Files\NetBeans-17\netbeans\platform\modules\ext\junit-4.13.2.jar" />
    <property name="libs.javaee-web-api-7.0.maven-pom" value="" />
    <property name="libs.javaee-web-api-8.0.maven-pom" value="" />
    <property name="netbeans.dirs" value="C:\Program Files\NetBeans-17\netbeans\nb;C:\Program Files\NetBeans-17\netbeans\ergonomics;C:\Program Files\NetBeans-17\netbeans\ide;C:\Program Files\NetBeans-17\netbeans\extide;C:\Program Files\NetBeans-17\netbeans\java;C:\Program Files\NetBeans-17\netbeans\apisupport;C:\Program Files\NetBeans-17\netbeans\webcommon;C:\Program Files\NetBeans-17\netbeans\websvccommon;C:\Program Files\NetBeans-17\netbeans\enterprise;C:\Program Files\NetBeans-17\netbeans\mobility;C:\Program Files\NetBeans-17\netbeans\profiler;C:\Program Files\NetBeans-17\netbeans\python;C:\Program Files\NetBeans-17\netbeans\php;C:\Program Files\NetBeans-17\netbeans\identity;C:\Program Files\NetBeans-17\netbeans\harness;C:\Program Files\NetBeans-17\netbeans\cnd;C:\Program Files\NetBeans-17\netbeans\cndext;C:\Program Files\NetBeans-17\netbeans\cpplite;C:\Program Files\NetBeans-17\netbeans\dlight;C:\Program Files\NetBeans-17\netbeans\groovy;C:\Program Files\NetBeans-17\netbeans\extra;C:\Program Files\NetBeans-17\netbeans\javacard;C:\Program Files\NetBeans-17\netbeans\javafx" />
    <property name="javafx.deploy.allowoffline" value="true" />
    <property name="libs.hamcrest.maven-pom" value="" />
    <property name="javac.processorpath" value="A:\JavaFX\javafx-sdk-17.0.6\lib\javafx-swt.jar;A:\JavaFX\javafx-sdk-17.0.6\lib\javafx.base.jar;A:\JavaFX\javafx-sdk-17.0.6\lib\javafx.controls.jar;A:\JavaFX\javafx-sdk-17.0.6\lib\javafx.fxml.jar;A:\JavaFX\javafx-sdk-17.0.6\lib\javafx.graphics.jar;A:\JavaFX\javafx-sdk-17.0.6\lib\javafx.media.jar;A:\JavaFX\javafx-sdk-17.0.6\lib\javafx.swing.jar;A:\JavaFX\javafx-sdk-17.0.6\lib\javafx.web.jar:C:\Users\wero1\OneDrive\Documentos\JavaProy\driver\mysql-connector-java-8.0.30\mysql-connector-java-8.0.30.jar" />
    <property name="ant.file.type.ProyectHome" value="file" />
    <property name="libs.javaee-api-6.0.javadoc" value="C:\Program Files\NetBeans-17\netbeans\enterprise\docs\javaee-doc-api.jar" />
    <property name="libs.JWSAntTasks.maven-pom" value="" />
    <property name="javafx.run.width" value="800" />
    <property name="platform.javac.tmp" value="${platforms.JDKFX_17.javac}" />
    <property name="javafx.rebase.libs" value="false" />
    <property name="javafx.preloader.class" value="" />
    <property name="javac.upgrademodulepath" value="" />
    <property name="run.modulepath" value="" />
    <property name="apple.laf.useScreenMenuBar" value="true" />
    <property name="user.country" value="US" />
    <property name="sun.java.launcher" value="SUN_STANDARD" />
    <property name="libs.jakartaee-api-9.0.maven-pom" value="" />
    <property name="libs.jpa20-persistence.src" value="" />
    <property name="libs.restapi.javadoc" value="" />
    <property name="endorsed.classpath" value="" />
    <property name="javac.test.sourcepath" value="A:\Proyecto\ProyectHome\build\empty" />
    <property name="libs.spring-webmvc3.0.maven-pom" value="" />
    <property name="includes" value="**" />
    <property name="libs.jsf12.javadoc" value="C:\Program Files\NetBeans-17\netbeans\enterprise\docs\javaee-doc-api.jar" />
    <property name="libs.hamcrest.classpath" value="C:\Program Files\NetBeans-17\netbeans\platform\modules\ext\hamcrest-core-1.3.jar" />
    <property name="javadoc.splitindex" value="true" />
    <property name="libs.JWSAntTasks.classpath" value="C:\Program Files\NetBeans-17\netbeans\java\ant\extra\org-netbeans-modules-javawebstart-anttasks.jar" />
    <property name="junit.available" value="true" />
    <property name="javac.processormodulepath" value="" />
    <property name="javadoc.encoding" value="UTF-8" />
    <property name="netbeans.hash.code" value="unique=NB_EXTIDE_JAVA_WEBCOMMON_WEBEE0aa307b86-9c3e-4e5e-856a-04f3e23d8caf_210a9732-3667-455d-891a-2518925657d6" />
    <property name="libs.jsp-compilation-syscp.maven-pom" value="" />
    <property name="libs.jstl.src" value="" />
    <property name="platform.javadoc" value="A:\JavaFXZulu\zulu17.40.19-ca-fx-jdk17.0.6-win_x64/bin/javadoc" />
    <property name="libs.spring-webmvc3.0.classpath" value="C:\Program Files\NetBeans-17\netbeans\java\modules\ext\spring-3.0\spring-webmvc-3.2.18.RELEASE.jar" />
    <property name="java.runtime.name" value="OpenJDK Runtime Environment" />
    <property name="manifest.available" value="true" />
    <property name="libs.jaxb.javadoc" value="C:\Program Files\NetBeans-17\netbeans\ide\docs\jaxb-api-doc.jar" />
    <property name="libs.spring-framework500.maven-pom" value="" />
    <property name="run.jvmargs.ide" value="" />
    <property name="ant.core.lib" value="C:\Program Files\NetBeans-17\netbeans\extide\ant\lib\ant.jar" />
    <property name="libs.jsp-compilation.maven-pom" value="" />
    <property name="javac.profile.cmd.line.arg" value="" />
    <property name="libs.jakartaee-api-9.0.classpath" value="C:\Program Files\NetBeans-17\netbeans\enterprise\modules\ext\jakarta.jakartaee-api-9.0.0.jar" />
    <property name="application.title" value="ProyectHome" />
    <property name="libs.jakartaee-api-10.0.src" value="" />
    <property name="javac.test.modulepath" value="" />
    <property name="libs.PostgreSQLDriver.javadoc" value="" />
    <property name="libs.jsp-compilation-syscp.classpath" value="C:\Program Files\NetBeans-17\netbeans\extide\ant\lib\ant.jar;C:\Program Files\NetBeans-17\netbeans\enterprise\modules\ext\servlet3.1-jsp2.3-api.jar;C:\Program Files\NetBeans-17\netbeans\enterprise\modules\ext\glassfish-jspparser-4.0.jar;C:\Program Files\NetBeans-17\netbeans\enterprise\modules\ext\jstl-impl.jar;C:\Program Files\NetBeans-17\netbeans\enterprise\modules\ext\jsf-2_2\javax.faces.jar" />
    <property name="libs.jsp-compilation.classpath" value="C:\Program Files\NetBeans-17\netbeans\extide\ant\lib\ant.jar;C:\Program Files\NetBeans-17\netbeans\enterprise\modules\ext\servlet3.1-jsp2.3-api.jar;C:\Program Files\NetBeans-17\netbeans\enterprise\modules\ext\glassfish-jspparser-4.0.jar;C:\Program Files\NetBeans-17\netbeans\enterprise\modules\ext\jsf-2_2\javax.faces.jar;C:\Program Files\NetBeans-17\netbeans\enterprise\modules\ext\jstl-api.jar;C:\Program Files\NetBeans-17\netbeans\extide\ant\lib\ant-launcher.jar" />
    <property name="libs.javaee-api-6.0.classpath" value="C:\Program Files\NetBeans-17\netbeans\enterprise\modules\ext\javaee-api-6.0.jar" />
    <property name="javac.includesfile.binary" value="A:\Proyecto\ProyectHome\null55725311" />
    <property name="libs.javaee-api-7.0.classpath" value="C:\Program Files\NetBeans-17\netbeans\enterprise\modules\ext\javaee-api-7.0.jar" />
    <property name="sun.cpu.isalist" value="amd64" />
    <property name="libs.restapi.maven-pom" value="" />
    <property name="auxiliary.org-netbeans-modules-projectapi.issue214819_5f_fx_5f_enabled" value="true" />
    <property name="do.depend" value="false" />
    <property name="javadoc.preview" value="true" />
    <property name="libs.jakartaee-web-api-10.0.src" value="" />
    <property name="sun.arch.data.model" value="64" />
    <property name="libs.jakartaee-web-api-9.0.maven-pom" value="" />
    <property name="libs.javaee-endorsed-api-7.0.src" value="" />
    <property name="annotation.processing.enabled" value="true" />
    <property name="libs.junit_5.src" value="C:\Program Files\NetBeans-17\netbeans\platform\docs\junit-jupiter-api-5.6.0-sources.jar;C:\Program Files\NetBeans-17\netbeans\platform\docs\junit-jupiter-params-5.6.0-sources.jar;C:\Program Files\NetBeans-17\netbeans\platform\docs\junit-jupiter-engine-5.6.0-sources.jar" />
    <property name="libs.jaxb.classpath" value="C:\Program Files\NetBeans-17\netbeans\ide\modules\ext\jaxb\jaxb-impl.jar;C:\Program Files\NetBeans-17\netbeans\ide\modules\ext\jaxb\jaxb-xjc.jar;C:\Program Files\NetBeans-17\netbeans\ide\modules\ext\jaxb\activation.jar;C:\Program Files\NetBeans-17\netbeans\ide\modules\ext\jaxb\api\jaxb-api.jar" />
    <property name="libs.javaee-api-8.0.classpath" value="C:\Program Files\NetBeans-17\netbeans\enterprise\modules\ext\javaee-api-8.0.jar" />
    <property name="libs.CopyLibs.src" value="" />
    <property name="javafx.enabled" value="true" />
    <property name="javac.source" value="17" />
    <property name="java.specification.vendor" value="Oracle Corporation" />
    <property name="java.version.date" value="2023-01-17" />
    <property name="java.home" value="A:\JavaFXZulu\zulu17.40.19-ca-fx-jdk17.0.6-win_x64" />
    <property name="work.dir" value="A:\Proyecto\ProyectHome" />
    <property name="jna.boot.library.name" value="jnidispatch-nb" />
    <property name="javac.test.compilerargs" value="" />
    <property name="libs.PostgreSQLDriver.classpath" value="C:\Program Files\NetBeans-17\netbeans\ide\modules\ext\postgresql-42.2.16.jar" />
    <property name="libs.graaljs.javadoc" value="" />
    <property name="libs.spring-webmvc3.0.javadoc" value="" />
    <property name="ant.file.ProyectHome" value="A:\Proyecto\ProyectHome\build.xml" />
    <property name="libs.JAXB-ENDORSED.src" value="" />
    <property name="user.script" value="" />
    <property name="manifest.encoding" value="UTF-8" />
    <property name="manifest.custom.permissions" value="" />
    <property name="sun.management.compiler" value="HotSpot 64-Bit Tiered Compilers" />
    <property name="libs.spring-framework400.src" value="" />
    <property name="run.test.modulepath" value="" />
    <property name="javafx.main.class" value="GUI.LoginApp" />
    <property name="libs.graaljs.classpath" value="C:\Program Files\NetBeans-17\netbeans\webcommon\modules\ext\js-20.3.0.jar;C:\Program Files\NetBeans-17\netbeans\webcommon\modules\ext\js-launcher-20.3.0.jar;C:\Program Files\NetBeans-17\netbeans\webcommon\modules\ext\regex-20.3.0.jar;C:\Program Files\NetBeans-17\netbeans\webcommon\modules\ext\icu4j-67.1.jar;C:\Program Files\NetBeans-17\netbeans\ide\modules\ext\graal-sdk-20.3.0.jar;C:\Program Files\NetBeans-17\netbeans\ide\modules\ext\launcher-common-20.3.0.jar;C:\Program Files\NetBeans-17\netbeans\ide\modules\ext\truffle-api-20.3.0.jar" />
    <property name="libs.javaee-web-api-6.0.classpath" value="C:\Program Files\NetBeans-17\netbeans\enterprise\modules\ext\javaee-web-api-6.0.jar" />
    <property name="libs.jsp-compiler.javadoc" value="" />
    <property name="debug.test.modulepath" value="" />
    <property name="libs.javaee-web-api-7.0.classpath" value="C:\Program Files\NetBeans-17\netbeans\enterprise\modules\ext\javaee-web-api-7.0.jar" />
    <property name="file.encoding" value="Cp1252" />
    <property name="java.util.logging.config.class" value="org.netbeans.core.startup.TopLogging" />
    <property name="libs.restlib.javadoc" value="" />
    <property name="libs.absolutelayout.classpath" value="C:\Program Files\NetBeans-17\netbeans\java\modules\ext\AbsoluteLayout.jar" />
    <property name="libs.struts.maven-pom" value="" />
    <property name="built-jar.properties" value="A:\Proyecto\ProyectHome\build\built-jar.properties" />
    <property name="nb.native.filechooser" value="false" />
    <property name="libs.testng.src" value="" />
    <property name="libs.javaee-web-api-8.0.classpath" value="C:\Program Files\NetBeans-17\netbeans\enterprise\modules\ext\javaee-web-api-8.0.jar" />
    <property name="platform.active" value="JDKFX_17" />
    <property name="manifest.file" value="manifest.mf" />
    <property name="libs.Driver.maven-pom" value="" />
    <property name="endorsed.javafx.ant.classpath" value="." />
    <property name="sun.io.unicode.encoding" value="UnicodeLittle" />
    <property name="platforms.JDKFX_17.compiler" value="modern" />
    <property name="libs.struts.javadoc" value="C:\Program Files\NetBeans-17\netbeans\enterprise\docs\struts-1.3.10-javadoc.zip" />
    <property name="default.javac.source" value="17" />
    <property name="netbeans.dynamic.classpath" value="C:\Program Files\NetBeans-17\netbeans\platform\core\asm-9.4.jar;C:\Program Files\NetBeans-17\netbeans\platform\core\asm-commons-9.4.jar;C:\Program Files\NetBeans-17\netbeans\platform\core\asm-tree-9.4.jar;C:\Program Files\NetBeans-17\netbeans\platform\core\core-base.jar;C:\Program Files\NetBeans-17\netbeans\platform\core\core.jar;C:\Program Files\NetBeans-17\netbeans\platform\core\org-netbeans-libs-asm.jar;C:\Program Files\NetBeans-17\netbeans\platform\core\org-openide-filesystems-compat8.jar;C:\Program Files\NetBeans-17\netbeans\platform\core\org-openide-filesystems.jar;C:\Program Files\NetBeans-17\netbeans\nb\core\org-netbeans-upgrader.jar;C:\Program Files\NetBeans-17\netbeans\nb\core\locale\core_nb.jar" />
    <property name="libs.javaee-web-api-8.0.javadoc" value="C:\Program Files\NetBeans-17\netbeans\enterprise\docs\javaee-doc-api.jar" />
    <property name="flatlaf.nativeLibraryPath" value="system" />
    <property name="libs.eclipselinkmodelgen.classpath" value="C:\Program Files\NetBeans-17\netbeans\java\modules\ext\eclipselink\org.eclipse.persistence.jpa.modelgen.processor-2.7.10.jar" />
    <property name="javac.systemmodulepath.cmd.line.arg" value="" />
    <property name="netbeans.buildnumber" value="17-ac2b269fa33a277ff09bc424fb9a5a8c63ed2194" />
    <property name="endorsed.classpath.cmd.line.arg" value="" />
    <property name="libs.jpa20-persistence.maven-pom" value="" />
    <property name="build.sysclasspath" value="ignore" />
    <property name="libs.CopyLibs.maven-pom" value="" />
    <property name="os.name" value="Windows 10" />
    <property name="libs.jakartaee-api-8.0.maven-pom" value="" />
    <property name="javadoc.author" value="false" />
    <property name="main.class" value="com.javafx.main.Main" />
    <property name="libs.jsp-compilation-syscp.javadoc" value="" />
    <property name="source.encoding" value="UTF-8" />
    <property name="platforms.JDKFX_17.home" value="A:\JavaFXZulu\zulu17.40.19-ca-fx-jdk17.0.6-win_x64" />
    <property name="jar.compress" value="false" />
    <property name="libs.javaee-api-7.0.javadoc" value="C:\Program Files\NetBeans-17\netbeans\enterprise\docs\javaee-doc-api.jar" />
    <property name="flatlaf.updateUIOnSystemFontChange" value="false" />
    <property name="libs.spring-webmvc5.0.src" value="" />
    <property name="libs.jsf20.maven-pom" value="" />
    <property name="libs.restlib.classpath" value="C:\Program Files\NetBeans-17\netbeans\enterprise\modules\ext\jersey2\jakarta.annotation-api-1.3.5.jar;C:\Program Files\NetBeans-17\netbeans\enterprise\modules\ext\jersey2\jakarta.persistence-api-2.2.3.jar;C:\Program Files\NetBeans-17\netbeans\enterprise\modules\ext\jersey2\jakarta.servlet-api-4.0.4.jar;C:\Program Files\NetBeans-17\netbeans\enterprise\modules\ext\jersey2\jakarta.validation-api-2.0.2.jar;C:\Program Files\NetBeans-17\netbeans\enterprise\modules\ext\jersey2\jakarta.xml.bind-api-2.3.3.jar;C:\Program Files\NetBeans-17\netbeans\enterprise\modules\ext\jersey2\jersey-client-2.34.jar;C:\Program Files\NetBeans-17\netbeans\enterprise\modules\ext\jersey2\jersey-common-2.34.jar;C:\Program Files\NetBeans-17\netbeans\enterprise\modules\ext\jersey2\jersey-server-2.34.jar;C:\Program Files\NetBeans-17\netbeans\enterprise\modules\ext\jersey2\jersey-entity-filtering-2.34.jar;C:\Program Files\NetBeans-17\netbeans\enterprise\modules\ext\jersey2\jersey-hk2-2.34.jar;C:\Program Files\NetBeans-17\netbeans\enterprise\modules\ext\jersey2\jersey-media-moxy-2.34.jar;C:\Program Files\NetBeans-17\netbeans\enterprise\modules\ext\jersey2\jersey-container-servlet-2.34.jar;C:\Program Files\NetBeans-17\netbeans\enterprise\modules\ext\jersey2\jersey-container-servlet-core-2.34.jar;C:\Program Files\NetBeans-17\netbeans\enterprise\modules\ext\jersey2\hk2-api-2.6.1.jar;C:\Program Files\NetBeans-17\netbeans\enterprise\modules\ext\jersey2\hk2-locator-2.6.1.jar;C:\Program Files\NetBeans-17\netbeans\enterprise\modules\ext\jersey2\hk2-utils-2.6.1.jar;C:\Program Files\NetBeans-17\netbeans\enterprise\modules\ext\jersey2\jakarta.inject-2.6.1.jar;C:\Program Files\NetBeans-17\netbeans\enterprise\modules\ext\jersey2\aopalliance-repackaged-2.6.1.jar;C:\Program Files\NetBeans-17\netbeans\enterprise\modules\ext\jersey2\osgi.core-8.0.0.jar;C:\Program Files\NetBeans-17\netbeans\enterprise\modules\ext\jersey2\osgi-resource-locator-1.0.3.jar;C:\Program Files\NetBeans-17\netbeans\java\modules\ext\eclipselink\org.eclipse.persistence.core-2.7.10.jar;C:\Program Files\NetBeans-17\netbeans\java\modules\ext\eclipselink\org.eclipse.persistence.asm-9.2.0.jar;C:\Program Files\NetBeans-17\netbeans\java\modules\ext\eclipselink\org.eclipse.persistence.antlr-2.7.10.jar;C:\Program Files\NetBeans-17\netbeans\java\modules\ext\eclipselink\org.eclipse.persistence.jpa-2.7.10.jar;C:\Program Files\NetBeans-17\netbeans\java\modules\ext\eclipselink\org.eclipse.persistence.jpa.jpql-2.7.10.jar;C:\Program Files\NetBeans-17\netbeans\java\modules\ext\eclipselink\org.eclipse.persistence.moxy-2.7.10.jar" />
    <property name="libs.jakartaee-web-api-8.0.javadoc" value="C:\Program Files\NetBeans-17\netbeans\enterprise\docs\jakartaee8-doc-api.jar" />
    <property name="apple.awt.graphics.UseQuartz" value="true" />
    <property name="libs.graaljs.src" value="" />
    <property name="run.jvmargs" value="" />
    <property name="libs.primefaces.src" value="" />
    <property name="javafx.fallback.class" value="com.javafx.main.NoJavaFXFallback" />
    <property name="ant.file" value="A:\Proyecto\ProyectHome\build.xml" />
    <property name="libs.struts.src" value="" />
    <property name="path.separator" value=";" />
    <property name="libs.JAXB-ENDORSED.classpath" value="C:\Program Files\NetBeans-17\netbeans\ide\modules\ext\jaxb\api\jaxb-api.jar" />
    <property name="libs.restlib.src" value="" />
    <property name="build.test.results.dir" value="build/test/results" />
    <property name="libs.jaxws21.javadoc" value="C:\Program Files\NetBeans-17\netbeans\java\docs\jaxws-api-doc.zip" />
    <property name="libs.spring-framework400.maven-pom" value="" />
    <property name="libs.javaee-endorsed-api-6.0.javadoc" value="C:\Program Files\NetBeans-17\netbeans\enterprise\docs\javaee-doc-api.jar" />
    <property name="ap.processors.internal" value="" />
    <property name="module.name" value="" />
    <property name="libs.spring-webmvc5.0.javadoc" value="" />
    <property name="libs.jsf12.classpath" value="C:\Program Files\NetBeans-17\netbeans\enterprise\modules\ext\jsf-1_2\jsf-api.jar;C:\Program Files\NetBeans-17\netbeans\enterprise\modules\ext\jsf-1_2\jsf-impl.jar" />
    <property name="libs.hamcrest.javadoc" value="" />
    <property name="libs.spring-framework400.javadoc" value="" />
    <property name="platform.javadoc.tmp" value="${platforms.JDKFX_17.javadoc}" />
    <property name="java.vm.info" value="mixed mode, sharing" />
    <property name="libs.primefaces.classpath" value="C:\Program Files\NetBeans-17\netbeans\enterprise\modules\ext\primefaces\primefaces-5.0.jar" />
    <property name="libs.jaxws21.maven-pom" value="" />
    <property name="run.test.classpath" value="A:\JavaFX\javafx-sdk-17.0.6\lib\javafx-swt.jar;A:\JavaFX\javafx-sdk-17.0.6\lib\javafx.base.jar;A:\JavaFX\javafx-sdk-17.0.6\lib\javafx.controls.jar;A:\JavaFX\javafx-sdk-17.0.6\lib\javafx.fxml.jar;A:\JavaFX\javafx-sdk-17.0.6\lib\javafx.graphics.jar;A:\JavaFX\javafx-sdk-17.0.6\lib\javafx.media.jar;A:\JavaFX\javafx-sdk-17.0.6\lib\javafx.swing.jar;A:\JavaFX\javafx-sdk-17.0.6\lib\javafx.web.jar:C:\Users\wero1\OneDrive\Documentos\JavaProy\driver\mysql-connector-java-8.0.30\mysql-connector-java-8.0.30.jar:build/classes:C:\Program Files\NetBeans-17\netbeans\platform\modules\ext\hamcrest-core-1.3.jar:C:\Program Files\NetBeans-17\netbeans\platform\modules\ext\junit-4.13.2.jar:build/test/classes" />
    <property name="dist.jlink.output" value="dist/jlink/ProyectHome" />
    <property name="java.class.version" value="61.0" />
    <property name="javadoc.encoding.used" value="UTF-8" />
    <property name="src.dir" value="src" />
    <property name="ant.project.default-target" value="default" />
    <property name="debug.classpath" value="dist/ProyectHome.jar:A:\JavaFX\javafx-sdk-17.0.6\lib\javafx-swt.jar;A:\JavaFX\javafx-sdk-17.0.6\lib\javafx.base.jar;A:\JavaFX\javafx-sdk-17.0.6\lib\javafx.controls.jar;A:\JavaFX\javafx-sdk-17.0.6\lib\javafx.fxml.jar;A:\JavaFX\javafx-sdk-17.0.6\lib\javafx.graphics.jar;A:\JavaFX\javafx-sdk-17.0.6\lib\javafx.media.jar;A:\JavaFX\javafx-sdk-17.0.6\lib\javafx.swing.jar;A:\JavaFX\javafx-sdk-17.0.6\lib\javafx.web.jar:C:\Users\wero1\OneDrive\Documentos\JavaProy\driver\mysql-connector-java-8.0.30\mysql-connector-java-8.0.30.jar:build/classes" />
    <property name="excludes" value="" />
    <property name="libs.javaee-api-7.0.src" value="" />
    <property name="platform.java.tmp" value="${platforms.JDKFX_17.java}" />
    <property name="run.test.jvmargs" value="" />
    <property name="libs.junit_4.javadoc" value="C:\Program Files\NetBeans-17\netbeans\platform\docs\junit-4.13.2-javadoc.jar" />
    <property name="sun.jnu.encoding" value="Cp1252" />
    <property name="javafx.preloader.jar.path" value="" />
    <property name="javafx.run.height" value="600" />
    <property name="libs.spring-webmvc4.0.src" value="" />
    <property name="sun.java2d.dpiaware" value="true" />
    <property name="main.class.available" value="true" />
    <property name="libs.jsf20.javadoc" value="C:\Program Files\NetBeans-17\netbeans\enterprise\docs\javaee-doc-api.jar" />
    <property name="netbeans.importclass" value="org.netbeans.upgrade.AutoUpgrade" />
    <property name="jar.archive.disabled" value="true" />
    <property name="netbeans.autoupdate.version" value="1.23" />
    <property name="empty.dir" value="A:\Proyecto\ProyectHome\build\empty" />
    <property name="libs.jakartaee-api-10.0.classpath" value="C:\Program Files\NetBeans-17\netbeans\enterprise\modules\ext\jakarta.jakartaee-api-10.0.0.jar" />
    <property name="netbeans.user" value="C:\Users\wero1\AppData\Roaming\NetBeans\17" />
    <property name="javac.includes.binary" value="A:\Proyecto\ProyectHome\build\test\classes\dataaccessobject\CodirectorDAOTest.class" />
    <property name="file.separator" value="\" />
    <property name="line.separator" value="&#xd;&#xa;" />
    <property name="javadoc.additionalparam" value="" />
    <property name="libs.spring-webmvc5.0.classpath" value="C:\Program Files\NetBeans-17\netbeans\java\modules\ext\spring-5\spring-webmvc-5.2.9.RELEASE.jar" />
    <property name="test.method" value="testCreateCodirectorSucces" />
    <property name="javac.debug" value="true" />
    <property name="libs.restlib.maven-pom" value="" />
    <property name="libs.testng.classpath" value="C:\Program Files\NetBeans-17\netbeans\platform\modules\ext\testng-6.14.3.jar;C:\Program Files\NetBeans-17\netbeans\platform\modules\ext\jcommander-1.78.jar" />
    <property name="libs.jsp-compiler.src" value="" />
    <property name="user.name" value="wero1" />
    <property name="build.classes.dir" value="build/classes" />
    <property name="nb.junit.single" value="true" />
    <property name="javadoc.windowtitle" value="" />
    <property name="nb.internal.action.name" value="run.single.method" />
    <property name="libs.javaee-api-8.0.maven-pom" value="" />
    <property name="libs.jaxws21.src" value="" />
    <property name="javafx.disable.concurrent.runs" value="false" />
    <property name="libs.jakartaee-web-api-9.0.javadoc" value="C:\Program Files\NetBeans-17\netbeans\enterprise\docs\jakartaee9-doc-api.jar" />
    <property name="compile.on.save.unsupported.javafx" value="true" />
    <property name="jna.loaded" value="true" />
    <property name="libs.junit_5.maven-pom" value="" />
    <property name="libs.jpa20-persistence.javadoc" value="C:\Program Files\NetBeans-17\netbeans\java\modules\ext\docs\jakarta.persistence-2.2.3-doc.zip" />
    <property name="ant.junit.enabletestlistenerevents" value="true" />
    <property name="libs.JWSAntTasks.src" value="" />
    <property name="ant.home" value="C:\Program Files\NetBeans-17\netbeans\extide\ant" />
    <property name="file.reference.mysql-connector-java-8.0.30.jar" value="C:\Users\wero1\OneDrive\Documentos\JavaProy\driver\mysql-connector-java-8.0.30\mysql-connector-java-8.0.30.jar" />
    <property name="libs.spring-webmvc3.0.src" value="" />
    <property name="debug.test.classpath" value="A:\JavaFX\javafx-sdk-17.0.6\lib\javafx-swt.jar;A:\JavaFX\javafx-sdk-17.0.6\lib\javafx.base.jar;A:\JavaFX\javafx-sdk-17.0.6\lib\javafx.controls.jar;A:\JavaFX\javafx-sdk-17.0.6\lib\javafx.fxml.jar;A:\JavaFX\javafx-sdk-17.0.6\lib\javafx.graphics.jar;A:\JavaFX\javafx-sdk-17.0.6\lib\javafx.media.jar;A:\JavaFX\javafx-sdk-17.0.6\lib\javafx.swing.jar;A:\JavaFX\javafx-sdk-17.0.6\lib\javafx.web.jar:C:\Users\wero1\OneDrive\Documentos\JavaProy\driver\mysql-connector-java-8.0.30\mysql-connector-java-8.0.30.jar:build/classes:C:\Program Files\NetBeans-17\netbeans\platform\modules\ext\hamcrest-core-1.3.jar:C:\Program Files\NetBeans-17\netbeans\platform\modules\ext\junit-4.13.2.jar:build/test/classes" />
    <property name="have.tests" value="true" />
    <property name="testng.debug.mode" value="" />
    <property name="javac.target" value="17" />
    <property name="ant.version" value="Apache Ant(TM) version 1.10.8 compiled on May 10 2020" />
    <property name="libs.absolutelayout.maven-pom" value="" />
    <property name="java.failonerror" value="true" />
    <property name="javac.modulepath" value="" />
    <property name="libs.spring-framework500.src" value="" />
    <property name="user.properties.file" value="C:\Users\wero1\AppData\Roaming\NetBeans\17\build.properties" />
    <property name="libs.javaee-api-6.0.src" value="" />
    <property name="javafx.binarycss" value="false" />
    <property name="javac.includes" value="dataaccessobject/CodirectorDAOTest.java" />
    <property name="platforms.JDKFX_17.bootclasspath" value="A:\JavaFXZulu\zulu17.40.19-ca-fx-jdk17.0.6-win_x64\!/modules/com.azul.crs.client/;A:\JavaFXZulu\zulu17.40.19-ca-fx-jdk17.0.6-win_x64\!/modules/com.azul.tooling/;A:\JavaFXZulu\zulu17.40.19-ca-fx-jdk17.0.6-win_x64\!/modules/java.base/;A:\JavaFXZulu\zulu17.40.19-ca-fx-jdk17.0.6-win_x64\!/modules/java.compiler/;A:\JavaFXZulu\zulu17.40.19-ca-fx-jdk17.0.6-win_x64\!/modules/java.datatransfer/;A:\JavaFXZulu\zulu17.40.19-ca-fx-jdk17.0.6-win_x64\!/modules/java.desktop/;A:\JavaFXZulu\zulu17.40.19-ca-fx-jdk17.0.6-win_x64\!/modules/java.instrument/;A:\JavaFXZulu\zulu17.40.19-ca-fx-jdk17.0.6-win_x64\!/modules/java.logging/;A:\JavaFXZulu\zulu17.40.19-ca-fx-jdk17.0.6-win_x64\!/modules/java.management/;A:\JavaFXZulu\zulu17.40.19-ca-fx-jdk17.0.6-win_x64\!/modules/java.management.rmi/;A:\JavaFXZulu\zulu17.40.19-ca-fx-jdk17.0.6-win_x64\!/modules/java.naming/;A:\JavaFXZulu\zulu17.40.19-ca-fx-jdk17.0.6-win_x64\!/modules/java.net.http/;A:\JavaFXZulu\zulu17.40.19-ca-fx-jdk17.0.6-win_x64\!/modules/java.prefs/;A:\JavaFXZulu\zulu17.40.19-ca-fx-jdk17.0.6-win_x64\!/modules/java.rmi/;A:\JavaFXZulu\zulu17.40.19-ca-fx-jdk17.0.6-win_x64\!/modules/java.scripting/;A:\JavaFXZulu\zulu17.40.19-ca-fx-jdk17.0.6-win_x64\!/modules/java.se/;A:\JavaFXZulu\zulu17.40.19-ca-fx-jdk17.0.6-win_x64\!/modules/java.security.jgss/;A:\JavaFXZulu\zulu17.40.19-ca-fx-jdk17.0.6-win_x64\!/modules/java.security.sasl/;A:\JavaFXZulu\zulu17.40.19-ca-fx-jdk17.0.6-win_x64\!/modules/java.smartcardio/;A:\JavaFXZulu\zulu17.40.19-ca-fx-jdk17.0.6-win_x64\!/modules/java.sql/;A:\JavaFXZulu\zulu17.40.19-ca-fx-jdk17.0.6-win_x64\!/modules/java.sql.rowset/;A:\JavaFXZulu\zulu17.40.19-ca-fx-jdk17.0.6-win_x64\!/modules/java.transaction.xa/;A:\JavaFXZulu\zulu17.40.19-ca-fx-jdk17.0.6-win_x64\!/modules/java.xml/;A:\JavaFXZulu\zulu17.40.19-ca-fx-jdk17.0.6-win_x64\!/modules/java.xml.crypto/;A:\JavaFXZulu\zulu17.40.19-ca-fx-jdk17.0.6-win_x64\!/modules/javafx.base/;A:\JavaFXZulu\zulu17.40.19-ca-fx-jdk17.0.6-win_x64\!/modules/javafx.controls/;A:\JavaFXZulu\zulu17.40.19-ca-fx-jdk17.0.6-win_x64\!/modules/javafx.fxml/;A:\JavaFXZulu\zulu17.40.19-ca-fx-jdk17.0.6-win_x64\!/modules/javafx.graphics/;A:\JavaFXZulu\zulu17.40.19-ca-fx-jdk17.0.6-win_x64\!/modules/javafx.media/;A:\JavaFXZulu\zulu17.40.19-ca-fx-jdk17.0.6-win_x64\!/modules/javafx.swing/;A:\JavaFXZulu\zulu17.40.19-ca-fx-jdk17.0.6-win_x64\!/modules/javafx.web/;A:\JavaFXZulu\zulu17.40.19-ca-fx-jdk17.0.6-win_x64\!/modules/jdk.accessibility/;A:\JavaFXZulu\zulu17.40.19-ca-fx-jdk17.0.6-win_x64\!/modules/jdk.attach/;A:\JavaFXZulu\zulu17.40.19-ca-fx-jdk17.0.6-win_x64\!/modules/jdk.charsets/;A:\JavaFXZulu\zulu17.40.19-ca-fx-jdk17.0.6-win_x64\!/modules/jdk.compiler/;A:\JavaFXZulu\zulu17.40.19-ca-fx-jdk17.0.6-win_x64\!/modules/jdk.crypto.cryptoki/;A:\JavaFXZulu\zulu17.40.19-ca-fx-jdk17.0.6-win_x64\!/modules/jdk.crypto.ec/;A:\JavaFXZulu\zulu17.40.19-ca-fx-jdk17.0.6-win_x64\!/modules/jdk.crypto.mscapi/;A:\JavaFXZulu\zulu17.40.19-ca-fx-jdk17.0.6-win_x64\!/modules/jdk.dynalink/;A:\JavaFXZulu\zulu17.40.19-ca-fx-jdk17.0.6-win_x64\!/modules/jdk.editpad/;A:\JavaFXZulu\zulu17.40.19-ca-fx-jdk17.0.6-win_x64\!/modules/jdk.hotspot.agent/;A:\JavaFXZulu\zulu17.40.19-ca-fx-jdk17.0.6-win_x64\!/modules/jdk.httpserver/;A:\JavaFXZulu\zulu17.40.19-ca-fx-jdk17.0.6-win_x64\!/modules/jdk.incubator.foreign/;A:\JavaFXZulu\zulu17.40.19-ca-fx-jdk17.0.6-win_x64\!/modules/jdk.incubator.vector/;A:\JavaFXZulu\zulu17.40.19-ca-fx-jdk17.0.6-win_x64\!/modules/jdk.internal.ed/;A:\JavaFXZulu\zulu17.40.19-ca-fx-jdk17.0.6-win_x64\!/modules/jdk.internal.jvmstat/;A:\JavaFXZulu\zulu17.40.19-ca-fx-jdk17.0.6-win_x64\!/modules/jdk.internal.le/;A:\JavaFXZulu\zulu17.40.19-ca-fx-jdk17.0.6-win_x64\!/modules/jdk.internal.opt/;A:\JavaFXZulu\zulu17.40.19-ca-fx-jdk17.0.6-win_x64\!/modules/jdk.internal.vm.ci/;A:\JavaFXZulu\zulu17.40.19-ca-fx-jdk17.0.6-win_x64\!/modules/jdk.internal.vm.compiler/;A:\JavaFXZulu\zulu17.40.19-ca-fx-jdk17.0.6-win_x64\!/modules/jdk.internal.vm.compiler.management/;A:\JavaFXZulu\zulu17.40.19-ca-fx-jdk17.0.6-win_x64\!/modules/jdk.jartool/;A:\JavaFXZulu\zulu17.40.19-ca-fx-jdk17.0.6-win_x64\!/modules/jdk.javadoc/;A:\JavaFXZulu\zulu17.40.19-ca-fx-jdk17.0.6-win_x64\!/modules/jdk.jcmd/;A:\JavaFXZulu\zulu17.40.19-ca-fx-jdk17.0.6-win_x64\!/modules/jdk.jconsole/;A:\JavaFXZulu\zulu17.40.19-ca-fx-jdk17.0.6-win_x64\!/modules/jdk.jdeps/;A:\JavaFXZulu\zulu17.40.19-ca-fx-jdk17.0.6-win_x64\!/modules/jdk.jdi/;A:\JavaFXZulu\zulu17.40.19-ca-fx-jdk17.0.6-win_x64\!/modules/jdk.jdwp.agent/;A:\JavaFXZulu\zulu17.40.19-ca-fx-jdk17.0.6-win_x64\!/modules/jdk.jfr/;A:\JavaFXZulu\zulu17.40.19-ca-fx-jdk17.0.6-win_x64\!/modules/jdk.jlink/;A:\JavaFXZulu\zulu17.40.19-ca-fx-jdk17.0.6-win_x64\!/modules/jdk.jpackage/;A:\JavaFXZulu\zulu17.40.19-ca-fx-jdk17.0.6-win_x64\!/modules/jdk.jshell/;A:\JavaFXZulu\zulu17.40.19-ca-fx-jdk17.0.6-win_x64\!/modules/jdk.jsobject/;A:\JavaFXZulu\zulu17.40.19-ca-fx-jdk17.0.6-win_x64\!/modules/jdk.jstatd/;A:\JavaFXZulu\zulu17.40.19-ca-fx-jdk17.0.6-win_x64\!/modules/jdk.localedata/;A:\JavaFXZulu\zulu17.40.19-ca-fx-jdk17.0.6-win_x64\!/modules/jdk.management/;A:\JavaFXZulu\zulu17.40.19-ca-fx-jdk17.0.6-win_x64\!/modules/jdk.management.agent/;A:\JavaFXZulu\zulu17.40.19-ca-fx-jdk17.0.6-win_x64\!/modules/jdk.management.jfr/;A:\JavaFXZulu\zulu17.40.19-ca-fx-jdk17.0.6-win_x64\!/modules/jdk.naming.dns/;A:\JavaFXZulu\zulu17.40.19-ca-fx-jdk17.0.6-win_x64\!/modules/jdk.naming.rmi/;A:\JavaFXZulu\zulu17.40.19-ca-fx-jdk17.0.6-win_x64\!/modules/jdk.net/;A:\JavaFXZulu\zulu17.40.19-ca-fx-jdk17.0.6-win_x64\!/modules/jdk.nio.mapmode/;A:\JavaFXZulu\zulu17.40.19-ca-fx-jdk17.0.6-win_x64\!/modules/jdk.random/;A:\JavaFXZulu\zulu17.40.19-ca-fx-jdk17.0.6-win_x64\!/modules/jdk.sctp/;A:\JavaFXZulu\zulu17.40.19-ca-fx-jdk17.0.6-win_x64\!/modules/jdk.security.auth/;A:\JavaFXZulu\zulu17.40.19-ca-fx-jdk17.0.6-win_x64\!/modules/jdk.security.jgss/;A:\JavaFXZulu\zulu17.40.19-ca-fx-jdk17.0.6-win_x64\!/modules/jdk.unsupported/;A:\JavaFXZulu\zulu17.40.19-ca-fx-jdk17.0.6-win_x64\!/modules/jdk.unsupported.desktop/;A:\JavaFXZulu\zulu17.40.19-ca-fx-jdk17.0.6-win_x64\!/modules/jdk.xml.dom/;A:\JavaFXZulu\zulu17.40.19-ca-fx-jdk17.0.6-win_x64\!/modules/jdk.zipfs/" />
    <property name="netbeans.autoupdate.country" value="US" />
    <property name="java.class.path" value="A:\JavaFX\javafx-sdk-17.0.6\lib\javafx-swt.jar;A:\JavaFX\javafx-sdk-17.0.6\lib\javafx.base.jar;A:\JavaFX\javafx-sdk-17.0.6\lib\javafx.controls.jar;A:\JavaFX\javafx-sdk-17.0.6\lib\javafx.fxml.jar;A:\JavaFX\javafx-sdk-17.0.6\lib\javafx.graphics.jar;A:\JavaFX\javafx-sdk-17.0.6\lib\javafx.media.jar;A:\JavaFX\javafx-sdk-17.0.6\lib\javafx.swing.jar;A:\JavaFX\javafx-sdk-17.0.6\lib\javafx.web.jar;C:\Users\wero1\OneDrive\Documentos\JavaProy\driver\mysql-connector-java-8.0.30\mysql-connector-java-8.0.30.jar;A:\Proyecto\ProyectHome\build\classes;C:\Program Files\NetBeans-17\netbeans\platform\modules\ext\hamcrest-core-1.3.jar;C:\Program Files\NetBeans-17\netbeans\platform\modules\ext\junit-4.13.2.jar;A:\Proyecto\ProyectHome\build\test\classes;C:\Program Files\NetBeans-17\netbeans\extide\ant\lib\ant-launcher.jar;C:\Program Files\NetBeans-17\netbeans\extide\ant\lib\ant.jar;C:\Program Files\NetBeans-17\netbeans\extide\ant\lib\ant-junit.jar;C:\Program Files\NetBeans-17\netbeans\extide\ant\lib\ant-junit4.jar" />
    <property name="libs.javaee-web-api-6.0.maven-pom" value="" />
    <property name="java.vm.vendor" value="Azul Systems, Inc." />
    <property name="javafx.deploy.backgroundupdate" value="false" />
    <property name="ap.supported.internal" value="true" />
    <property name="user.variant" value="" />
    <property name="netbeans.home+have.tests" value="true" />
    <property name="test.binaryexcludes" value="" />
    <property name="javac.compilerargs" value="" />
    <property name="libs.jstl.maven-pom" value="" />
    <property name="libs.jakartaee-web-api-8.0.src" value="" />
    <property name="sun.cpu.endian" value="little" />
    <property name="libs.jakartaee-api-9.0.src" value="" />
    <property name="libs.junit_4.src" value="C:\Program Files\NetBeans-17\netbeans\platform\docs\junit-4.13.2-sources.jar" />
    <property name="user.language" value="en" />
    <property name="copylibs.rebase" value="true" />
    <property name="libs.javaee-web-api-6.0.src" value="" />
    <property name="maven.defaultProjectBuilder.disableGlobalModelCache" value="true" />
    <property name="javadoc.nonavbar" value="false" />
    <property name="libs.javaee-api-8.0.src" value="" />
    <property name="ant.file.ProyectHome-impl" value="A:\Proyecto\ProyectHome\nbproject\build-impl.xml" />
    <property name="ant.file.type.ProyectHome-impl" value="file" />
    <property name="ant.java.version" value="17" />
    <property name="libs.junit_4.classpath" value="C:\Program Files\NetBeans-17\netbeans\platform\modules\ext\junit-4.13.2.jar" />
    <property name="libs.jakartaee-api-9.0.javadoc" value="C:\Program Files\NetBeans-17\netbeans\enterprise\docs\jakartaee9-doc-api.jar" />
    <property name="test.binarytestincludes" value="" />
    <property name="sun.awt.keepWorkingSetOnMinimize" value="true" />
    <property name="libs.junit_4.maven-pom" value="" />
    <property name="libs.spring-webmvc5.0.maven-pom" value="" />
    <property name="libs.jsp-compiler.maven-pom" value="" />
    <property name="runtime.encoding" value="UTF-8" />
    <property name="libs.jakartaee-web-api-10.0.javadoc" value="C:\Program Files\NetBeans-17\netbeans\enterprise\docs\jakartaee10-doc-api.jar" />
    <property name="libs.jakartaee-web-api-8.0.classpath" value="C:\Program Files\NetBeans-17\netbeans\enterprise\modules\ext\jakarta.jakartaee-web-api-8.0.0.jar" />
    <property name="javac.classpath" value="A:\JavaFX\javafx-sdk-17.0.6\lib\javafx-swt.jar;A:\JavaFX\javafx-sdk-17.0.6\lib\javafx.base.jar;A:\JavaFX\javafx-sdk-17.0.6\lib\javafx.controls.jar;A:\JavaFX\javafx-sdk-17.0.6\lib\javafx.fxml.jar;A:\JavaFX\javafx-sdk-17.0.6\lib\javafx.graphics.jar;A:\JavaFX\javafx-sdk-17.0.6\lib\javafx.media.jar;A:\JavaFX\javafx-sdk-17.0.6\lib\javafx.swing.jar;A:\JavaFX\javafx-sdk-17.0.6\lib\javafx.web.jar:C:\Users\wero1\OneDrive\Documentos\JavaProy\driver\mysql-connector-java-8.0.30\mysql-connector-java-8.0.30.jar" />
    <property name="dist.jlink.dir" value="dist/jlink" />
    <property name="nb.junit.batch" value="false" />
    <property name="libs.JavaFX_17_.maven-pom" value="" />
    <property name="libs.jakartaee-web-api-10.0.maven-pom" value="" />
    <property name="build.test.classes.dir" value="build/test/classes" />
    <property name="javafx.application.implementation.version" value="1.0" />
    <property name="javafx.preloader.type" value="none" />
    <property name="libs.spring-framework300.maven-pom" value="" />
    <property name="ant.project.invoked-targets" value="test-single-method" />
    <property name="libs.jstl.classpath" value="C:\Program Files\NetBeans-17\netbeans\enterprise\modules\ext\jstl-impl.jar;C:\Program Files\NetBeans-17\netbeans\enterprise\modules\ext\jstl-api.jar" />
    <property name="ap.cmd.line.internal" value="" />
    <property name="libs.PostgreSQLDriver.src" value="" />
    <property name="platform.compiler" value="${platforms.JDKFX_17.compile}" />
    <property name="java.vendor.url.bug" value="http://www.azul.com/support/" />
    <property name="annotation.processing.source.output" value="build/generated-sources/ap-source-output" />
    <property name="user.dir" value="A:\Proyecto\ProyectHome" />
    <property name="libs.javaee-endorsed-api-6.0.maven-pom" value="" />
    <property name="platform.java" value="A:\JavaFXZulu\zulu17.40.19-ca-fx-jdk17.0.6-win_x64/bin/java" />
    <property name="application.args" value="" />
    <property name="org.xml.sax.driver" value="com.sun.org.apache.xerces.internal.jaxp.SAXParserImpl$JAXPSAXParser" />
    <property name="libs.jakartaee-web-api-8.0.maven-pom" value="" />
    <property name="libs.eclipselink.src" value="" />
    <property name="java.vm.version" value="17.0.6+10-LTS" />
    <property name="manifest.custom.codebase" value="*" />
    <property name="libs.metro.javadoc" value="C:\Program Files\NetBeans-17\netbeans\enterprise\docs\webservices-api-javadoc.jar;C:\Program Files\NetBeans-17\netbeans\enterprise\docs\webservices-extra-javadoc.jar;C:\Program Files\NetBeans-17\netbeans\enterprise\docs\webservices-extra-api-javadoc.jar;C:\Program Files\NetBeans-17\netbeans\enterprise\docs\webservices-rt-javadoc.jar;C:\Program Files\NetBeans-17\netbeans\enterprise\docs\webservices-tools-javadoc.jar" />
    <property name="libs.jakartaee-web-api-9.0.src" value="" />
    <property name="sun.awt.datatransfer.timeout" value="1000" />
    <property name="libs.jakartaee-web-api-10.0.classpath" value="C:\Program Files\NetBeans-17\netbeans\enterprise\modules\ext\jakarta.jakartaee-web-api-10.0.0.jar" />
    <property name="test.class" value="dataaccessobject.CodirectorDAOTest" />
    <property name="junit.forkmode" value="perTest" />
    <property name="libs.jakartaee-api-8.0.src" value="" />
    <property name="annotation.processing.run.all.processors" value="true" />
    <property name="libs.javaee-web-api-7.0.src" value="" />
    <property name="libs.jsp-compiler.classpath" value="C:\Program Files\NetBeans-17\netbeans\enterprise\ant\extra\jspcompile.jar" />
    <property name="libs.javaee-endorsed-api-6.0.classpath" value="C:\Program Files\NetBeans-17\netbeans\enterprise\modules\ext\javaee6-endorsed\javax.annotation.jar;C:\Program Files\NetBeans-17\netbeans\enterprise\modules\ext\javaee6-endorsed\jaxb-api-osgi.jar;C:\Program Files\NetBeans-17\netbeans\enterprise\modules\ext\javaee6-endorsed\webservices-api-osgi.jar" />
  </properties>
  <testcase classname="dataaccessobject.CodirectorDAOTest" name="testCreateCodirectorSucces" time="0.287">
    <error message="Cannot add or update a child row: a foreign key constraint fails (`proyectofinal`.`codirector`, CONSTRAINT `FK_Profesor_Codirector` FOREIGN KEY (`IdProfesor`) REFERENCES `profesor` (`IdProfesor`))" type="java.sql.SQLIntegrityConstraintViolationException">java.sql.SQLIntegrityConstraintViolationException: Cannot add or update a child row: a foreign key constraint fails (`proyectofinal`.`codirector`, CONSTRAINT `FK_Profesor_Codirector` FOREIGN KEY (`IdProfesor`) REFERENCES `profesor` (`IdProfesor`))
	at com.mysql.cj.jdbc.exceptions.SQLError.createSQLException(SQLError.java:117)
	at com.mysql.cj.jdbc.exceptions.SQLExceptionsMapping.translateException(SQLExceptionsMapping.java:122)
	at com.mysql.cj.jdbc.ClientPreparedStatement.executeInternal(ClientPreparedStatement.java:916)
	at com.mysql.cj.jdbc.ClientPreparedStatement.executeUpdateInternal(ClientPreparedStatement.java:1061)
	at com.mysql.cj.jdbc.ClientPreparedStatement.executeUpdateInternal(ClientPreparedStatement.java:1009)
	at com.mysql.cj.jdbc.ClientPreparedStatement.executeLargeUpdate(ClientPreparedStatement.java:1320)
	at com.mysql.cj.jdbc.ClientPreparedStatement.executeUpdate(ClientPreparedStatement.java:994)
	at dataaccessobject.CodirectorDAO.createCodirector(CodirectorDAO.java:28)
	at dataaccessobject.CodirectorDAOTest.testCreateCodirectorSucces(CodirectorDAOTest.java:52)
	at java.base/jdk.internal.reflect.NativeMethodAccessorImpl.invoke0(Native Method)
	at java.base/jdk.internal.reflect.NativeMethodAccessorImpl.invoke(NativeMethodAccessorImpl.java:77)
	at java.base/jdk.internal.reflect.DelegatingMethodAccessorImpl.invoke(DelegatingMethodAccessorImpl.java:43)
</error>
  </testcase>
  <system-out><![CDATA[createCodirector
]]></system-out>
  <system-err><![CDATA[]]></system-err>
</testsuite>
